<?xml version="1.0" encoding="UTF-8"?>
<!-- Generated by org.testng.reporters.JUnitReportReporter -->
<testsuite hostname="DESKTOP-ABVB9EL" failures="0" tests="1" name="com.actitime.testscript.ReportModule" time="4.918" errors="0" timestamp="2025-05-14T12:36:38 IST" skipped="0">
  <testcase classname="com.actitime.testscript.ReportModule" name="createProject" time="4.918">
    <system-out>
      <![CDATA[CreateCustomer]]>
    </system-out>
  </testcase> <!-- createProject -->
  <system-out>
    <![CDATA[OpenBrowser
Login
CreateCustomer
Logout
CloseBrowser
OpenBrowser
Login
CreateCustomer
Logout
CloseBrowser
OpenBrowser
Login
CreateCustomer
Logout
CloseBrowser]]>
  </system-out>
</testsuite> <!-- com.actitime.testscript.ReportModule -->
